<?xml version="1.0" encoding="UTF-8"?>
<!-- Generated by org.testng.reporters.JUnitXMLReporter -->
<testsuite ignored="0" hostname="DESKTOP-0ILCENT" failures="1" tests="3" name="BrowserTest" time="24.139" errors="0" timestamp="2022-10-08T07:24:51 GST">
  <testcase classname="assignment.Assignment6" name="getClients" time="0.83"/>
  <testcase classname="assignment.Assignment6" name="getDeduction" time="0.539"/>
  <testcase classname="assignment.Assignment6" name="getWorkers" time="0.531">
    <failure type="java.lang.AssertionError" message="Search button text is not same as expected expected [Search1] but found [Search]">
      <![CDATA[java.lang.AssertionError: Search button text is not same as expected expected [Search1] but found [Search]
at assignment.Assignment6.getWorkers(Assignment6.java:68)
at java.base/java.util.ArrayList.forEach(ArrayList.java:1511)
... Removed 32 stack frames]]>
    </failure>
  </testcase> <!-- getWorkers -->
</testsuite> <!-- BrowserTest -->
