<?xml version="1.0" encoding="UTF-8"?>
<!-- Generated by org.testng.reporters.JUnitXMLReporter -->
<testsuite ignored="0" hostname="DESKTOP-0ILCENT" failures="0" tests="3" name="ChromeTest" time="18.186" errors="0" timestamp="2022-10-06T07:52:24 GST">
  <testcase classname="testng.TestDemo" name="getBgColorLoginBtn" time="0.055"/>
  <testcase classname="testng.TestDemo" name="getColorLogin" time="0.054"/>
  <testcase classname="testng.TestDemo" name="loginBtn" time="0.049"/>
</testsuite> <!-- ChromeTest -->
