<?xml version="1.0" encoding="UTF-8"?>
<testng-results ignored="0" total="3" passed="3" failed="0" skipped="0">
  <reporter-output>
  </reporter-output>
  <suite started-at="2022-10-11T06:28:16 GST" name="My TestSuite" finished-at="2022-10-11T06:29:00 GST" duration-ms="44822">
    <groups>
    </groups>
    <test started-at="2022-10-11T06:28:16 GST" name="ChromeTest" finished-at="2022-10-11T06:29:00 GST" duration-ms="44822">
      <class name="testCases.NewTest">
        <test-method is-config="true" signature="beforeMethod(java.lang.String)[pri:0, instance:testCases.NewTest@71def8f8]" started-at="2022-10-11T06:28:16 GST" name="beforeMethod" finished-at="2022-10-11T06:28:26 GST" duration-ms="10443" status="PASS">
          <params>
            <param index="0">
              <value>
                <![CDATA[chrome]]>
              </value>
            </param>
          </params>
          <reporter-output>
          </reporter-output>
        </test-method> <!-- beforeMethod -->
        <test-method signature="dashBoardProfile()[pri:0, instance:testCases.NewTest@71def8f8]" started-at="2022-10-11T06:28:26 GST" name="dashBoardProfile" finished-at="2022-10-11T06:28:32 GST" duration-ms="6376" status="PASS">
          <reporter-output>
          </reporter-output>
        </test-method> <!-- dashBoardProfile -->
        <test-method is-config="true" signature="afterMethod()[pri:0, instance:testCases.NewTest@71def8f8]" started-at="2022-10-11T06:28:32 GST" name="afterMethod" finished-at="2022-10-11T06:28:33 GST" duration-ms="250" status="PASS">
          <reporter-output>
          </reporter-output>
        </test-method> <!-- afterMethod -->
        <test-method is-config="true" signature="beforeMethod(java.lang.String)[pri:0, instance:testCases.NewTest@71def8f8]" started-at="2022-10-11T06:28:33 GST" name="beforeMethod" finished-at="2022-10-11T06:28:41 GST" duration-ms="8493" status="PASS">
          <params>
            <param index="0">
              <value>
                <![CDATA[chrome]]>
              </value>
            </param>
          </params>
          <reporter-output>
          </reporter-output>
        </test-method> <!-- beforeMethod -->
        <test-method signature="getClientDetails()[pri:0, instance:testCases.NewTest@71def8f8]" started-at="2022-10-11T06:28:41 GST" name="getClientDetails" finished-at="2022-10-11T06:28:48 GST" duration-ms="7233" status="PASS">
          <reporter-output>
          </reporter-output>
        </test-method> <!-- getClientDetails -->
        <test-method is-config="true" signature="afterMethod()[pri:0, instance:testCases.NewTest@71def8f8]" started-at="2022-10-11T06:28:48 GST" name="afterMethod" finished-at="2022-10-11T06:28:49 GST" duration-ms="119" status="PASS">
          <reporter-output>
          </reporter-output>
        </test-method> <!-- afterMethod -->
        <test-method is-config="true" signature="beforeMethod(java.lang.String)[pri:0, instance:testCases.NewTest@71def8f8]" started-at="2022-10-11T06:28:49 GST" name="beforeMethod" finished-at="2022-10-11T06:28:57 GST" duration-ms="8415" status="PASS">
          <params>
            <param index="0">
              <value>
                <![CDATA[chrome]]>
              </value>
            </param>
          </params>
          <reporter-output>
          </reporter-output>
        </test-method> <!-- beforeMethod -->
        <test-method signature="login()[pri:0, instance:testCases.NewTest@71def8f8]" started-at="2022-10-11T06:28:57 GST" name="login" finished-at="2022-10-11T06:29:00 GST" duration-ms="3271" status="PASS">
          <reporter-output>
          </reporter-output>
        </test-method> <!-- login -->
        <test-method is-config="true" signature="afterMethod()[pri:0, instance:testCases.NewTest@71def8f8]" started-at="2022-10-11T06:29:00 GST" name="afterMethod" finished-at="2022-10-11T06:29:00 GST" duration-ms="163" status="PASS">
          <reporter-output>
          </reporter-output>
        </test-method> <!-- afterMethod -->
      </class> <!-- testCases.NewTest -->
    </test> <!-- ChromeTest -->
  </suite> <!-- My TestSuite -->
</testng-results>
