<?xml version="1.0" encoding="UTF-8"?>
<!-- Generated by org.testng.reporters.JUnitXMLReporter -->
<testsuite ignored="0" hostname="DESKTOP-0ILCENT" failures="0" tests="3" name="ChromeTest" time="44.822" errors="0" timestamp="2022-10-11T06:29:00 GST">
  <testcase classname="testCases.NewTest" name="dashBoardProfile" time="6.376"/>
  <testcase classname="testCases.NewTest" name="getClientDetails" time="7.233"/>
  <testcase classname="testCases.NewTest" name="login" time="3.271"/>
</testsuite> <!-- ChromeTest -->
