<?xml version="1.0" encoding="UTF-8"?>
<!-- Generated by org.testng.reporters.JUnitXMLReporter -->
<testsuite ignored="2" hostname="DESKTOP-0ILCENT" failures="0" tests="1" name="Test" time="11.206" errors="0" timestamp="2022-10-07T07:26:23 GST">
  <testcase classname="testng.BasicAssertion2UsingBrowser" name="loginButtonBgColorValidation" time="0.043"/>
  <testcase classname="testng.BasicAssertion2UsingBrowser" name="loginButtonTextValidation" time="0.0">
    <ignored/>
  </testcase> <!-- loginButtonTextValidation -->
  <testcase classname="testng.BasicAssertion2UsingBrowser" name="remembermeCheckBoxValidation" time="0.0">
    <ignored/>
  </testcase> <!-- remembermeCheckBoxValidation -->
</testsuite> <!-- Test -->
